This is pdfTeX, Version 3.14159265-2.6-1.40.17 (TeX Live 2016/TeX Live for SUSE Linux) (preloaded format=pdflatex 2018.2.28)  1 OCT 2018 13:38
entering extended mode
 restricted \write18 enabled.
 %&-line parsing enabled.
**ROOT_manual_for_GATE_users.tex
(./ROOT_manual_for_GATE_users.tex
LaTeX2e <2016/03/31>
Babel <3.9r> and hyphenation patterns for 51 language(s) loaded.
(/usr/share/texmf/tex/latex/base/article.cls
Document Class: article 2014/09/29 v1.4h Standard LaTeX document class
(/usr/share/texmf/tex/latex/base/size12.clo
File: size12.clo 2014/09/29 v1.4h Standard LaTeX file (size option)
)
\c@part=\count79
\c@section=\count80
\c@subsection=\count81
\c@subsubsection=\count82
\c@paragraph=\count83
\c@subparagraph=\count84
\c@figure=\count85
\c@table=\count86
\abovecaptionskip=\skip41
\belowcaptionskip=\skip42
\bibindent=\dimen102
)
(/usr/share/texmf/tex/latex/amsfonts/amssymb.sty
Package: amssymb 2013/01/14 v3.01 AMS font symbols

(/usr/share/texmf/tex/latex/amsfonts/amsfonts.sty
Package: amsfonts 2013/01/14 v3.01 Basic AMSFonts support
\@emptytoks=\toks14
\symAMSa=\mathgroup4
\symAMSb=\mathgroup5
LaTeX Font Info:    Overwriting math alphabet `\mathfrak' in version `bold'
(Font)                  U/euf/m/n --> U/euf/b/n on input line 106.
))
(/usr/share/texmf/tex/latex/base/latexsym.sty
Package: latexsym 1998/08/17 v2.2e Standard LaTeX package (lasy symbols)
\symlasy=\mathgroup6
LaTeX Font Info:    Overwriting symbol font `lasy' in version `bold'
(Font)                  U/lasy/m/n --> U/lasy/b/n on input line 52.
)
(/usr/share/texmf/tex/latex/amsmath/amsmath.sty
Package: amsmath 2016/03/10 v2.15b AMS math features
\@mathmargin=\skip43

For additional information on amsmath, use the `?' option.
(/usr/share/texmf/tex/latex/amsmath/amstext.sty
Package: amstext 2000/06/29 v2.01 AMS text

(/usr/share/texmf/tex/latex/amsmath/amsgen.sty
File: amsgen.sty 1999/11/30 v2.0 generic functions
\@emptytoks=\toks15
\ex@=\dimen103
))
(/usr/share/texmf/tex/latex/amsmath/amsbsy.sty
Package: amsbsy 1999/11/29 v1.2d Bold Symbols
\pmbraise@=\dimen104
)
(/usr/share/texmf/tex/latex/amsmath/amsopn.sty
Package: amsopn 2016/03/08 v2.02 operator names
)
\inf@bad=\count87
LaTeX Info: Redefining \frac on input line 199.
\uproot@=\count88
\leftroot@=\count89
LaTeX Info: Redefining \overline on input line 297.
\classnum@=\count90
\DOTSCASE@=\count91
LaTeX Info: Redefining \ldots on input line 394.
LaTeX Info: Redefining \dots on input line 397.
LaTeX Info: Redefining \cdots on input line 518.
\Mathstrutbox@=\box26
\strutbox@=\box27
\big@size=\dimen105
LaTeX Font Info:    Redeclaring font encoding OML on input line 634.
LaTeX Font Info:    Redeclaring font encoding OMS on input line 635.
\macc@depth=\count92
\c@MaxMatrixCols=\count93
\dotsspace@=\muskip10
\c@parentequation=\count94
\dspbrk@lvl=\count95
\tag@help=\toks16
\row@=\count96
\column@=\count97
\maxfields@=\count98
\andhelp@=\toks17
\eqnshift@=\dimen106
\alignsep@=\dimen107
\tagshift@=\dimen108
\tagwidth@=\dimen109
\totwidth@=\dimen110
\lineht@=\dimen111
\@envbody=\toks18
\multlinegap=\skip44
\multlinetaggap=\skip45
\mathdisplay@stack=\toks19
LaTeX Info: Redefining \[ on input line 2739.
LaTeX Info: Redefining \] on input line 2740.
)
(/usr/share/texmf/tex/latex/graphics/graphicx.sty
Package: graphicx 2014/10/28 v1.0g Enhanced LaTeX Graphics (DPC,SPQR)

(/usr/share/texmf/tex/latex/graphics/keyval.sty
Package: keyval 2014/10/28 v1.15 key=value parser (DPC)
\KV@toks@=\toks20
)
(/usr/share/texmf/tex/latex/graphics/graphics.sty
Package: graphics 2016/05/09 v1.0r Standard LaTeX Graphics (DPC,SPQR)

(/usr/share/texmf/tex/latex/graphics/trig.sty
Package: trig 2016/01/03 v1.10 sin cos tan (DPC)
)
(/usr/share/texmf/tex/latex/graphics-cfg/graphics.cfg
File: graphics.cfg 2016/01/02 v1.10 sample graphics configuration
)
Package graphics Info: Driver file: pdftex.def on input line 96.

(/usr/share/texmf/tex/latex/pdftex-def/pdftex.def
File: pdftex.def 2011/05/27 v0.06d Graphics/color for pdfTeX

(/usr/share/texmf/tex/generic/oberdiek/infwarerr.sty
Package: infwarerr 2016/05/16 v1.4 Providing info/warning/error messages (HO)
)
(/usr/share/texmf/tex/generic/oberdiek/ltxcmds.sty
Package: ltxcmds 2016/05/16 v1.23 LaTeX kernel commands for general use (HO)
)
\Gread@gobject=\count99
))
\Gin@req@height=\dimen112
\Gin@req@width=\dimen113
)
(/usr/share/texmf/tex/latex/caption/subcaption.sty
Package: subcaption 2016/02/20 v1.1-142 Sub-captions (AR)

(/usr/share/texmf/tex/latex/caption/caption.sty
Package: caption 2016/02/21 v3.3-144 Customizing captions (AR)

(/usr/share/texmf/tex/latex/caption/caption3.sty
Package: caption3 2016/02/04 v1.7-139 caption3 kernel (AR)
Package caption3 Info: TeX engine: e-TeX on input line 67.
\captionmargin=\dimen114
\captionmargin@=\dimen115
\captionwidth=\dimen116
\caption@tempdima=\dimen117
\caption@indent=\dimen118
\caption@parindent=\dimen119
\caption@hangindent=\dimen120
)
\c@ContinuedFloat=\count100
)
\c@subfigure=\count101
\c@subtable=\count102
)
(/usr/share/texmf/tex/latex/cite/cite.sty
LaTeX Info: Redefining \cite on input line 302.
LaTeX Info: Redefining \nocite on input line 332.
Package: cite 2015/02/27  v 5.5
)
(/usr/share/texmf/tex/latex/mciteplus/mciteplus.sty
Package: mciteplus 2013/09/13 v1.2 enhanced mcite
\@mcitetmptoksA=\toks21
\@mcitetmpdima=\dimen121
\@mcitetmpdimb=\dimen122
\@mcitetmpcnta=\count103
\@mcitetmpcntb=\count104
\c@mcitebibitemcount=\count105
\c@mcitesubitemcount=\count106

** mciteplus: Detected cite.sty. Invoking hooks.
) (/usr/share/texmf/tex/latex/appendix/appendix.sty
Package: appendix 2009/09/02 v1.2b extra appendix facilities
\c@@pps=\count107
\c@@ppsavesec=\count108
\c@@ppsaveapp=\count109
)
(/usr/share/texmf/tex/latex/titlesec/titlesec.sty
Package: titlesec 2016/03/21 v2.10.2 Sectioning titles
\ttl@box=\box28
\beforetitleunit=\skip46
\aftertitleunit=\skip47
\ttl@plus=\dimen123
\ttl@minus=\dimen124
\ttl@toksa=\toks22
\titlewidth=\dimen125
\titlewidthlast=\dimen126
\titlewidthfirst=\dimen127
)
(/usr/share/texmf/tex/latex/xcolor/xcolor.sty
Package: xcolor 2016/05/11 v2.12 LaTeX color extensions (UK)

(/usr/share/texmf/tex/latex/graphics-cfg/color.cfg
File: color.cfg 2016/01/02 v1.6 sample color configuration
)
Package xcolor Info: Driver file: pdftex.def on input line 225.
Package xcolor Info: Model `cmy' substituted by `cmy0' on input line 1348.
Package xcolor Info: Model `hsb' substituted by `rgb' on input line 1352.
Package xcolor Info: Model `RGB' extended on input line 1364.
Package xcolor Info: Model `HTML' substituted by `rgb' on input line 1366.
Package xcolor Info: Model `Hsb' substituted by `hsb' on input line 1367.
Package xcolor Info: Model `tHsb' substituted by `hsb' on input line 1368.
Package xcolor Info: Model `HSB' substituted by `hsb' on input line 1369.
Package xcolor Info: Model `Gray' substituted by `gray' on input line 1370.
Package xcolor Info: Model `wave' substituted by `hsb' on input line 1371.
)
(/usr/share/texmf/tex/latex/hyperref/hyperref.sty
Package: hyperref 2016/05/05 v6.83n Hypertext links for LaTeX

(/usr/share/texmf/tex/generic/oberdiek/hobsub-hyperref.sty
Package: hobsub-hyperref 2016/05/16 v1.14 Bundle oberdiek, subset hyperref (HO)


(/usr/share/texmf/tex/generic/oberdiek/hobsub-generic.sty
Package: hobsub-generic 2016/05/16 v1.14 Bundle oberdiek, subset generic (HO)
Package: hobsub 2016/05/16 v1.14 Construct package bundles (HO)
Package hobsub Info: Skipping package `infwarerr' (already loaded).
Package hobsub Info: Skipping package `ltxcmds' (already loaded).
Package: ifluatex 2016/05/16 v1.4 Provides the ifluatex switch (HO)
Package ifluatex Info: LuaTeX not detected.
Package: ifvtex 2016/05/16 v1.6 Detect VTeX and its facilities (HO)
Package ifvtex Info: VTeX not detected.
Package: intcalc 2016/05/16 v1.2 Expandable calculations with integers (HO)
Package: ifpdf 2016/05/14 v3.1 Provides the ifpdf switch
Package: etexcmds 2016/05/16 v1.6 Avoid name clashes with e-TeX commands (HO)
Package etexcmds Info: Could not find \expanded.
(etexcmds)             That can mean that you are not using pdfTeX 1.50 or
(etexcmds)             that some package has redefined \expanded.
(etexcmds)             In the latter case, load this package earlier.
Package: kvsetkeys 2016/05/16 v1.17 Key value parser (HO)
Package: kvdefinekeys 2016/05/16 v1.4 Define keys (HO)
Package: pdftexcmds 2016/05/10 v0.21 Utility functions of pdfTeX for LuaTeX (HO
)
Package pdftexcmds Info: LuaTeX not detected.
Package pdftexcmds Info: \pdf@primitive is available.
Package pdftexcmds Info: \pdf@ifprimitive is available.
Package pdftexcmds Info: \pdfdraftmode found.
Package: pdfescape 2016/05/16 v1.14 Implements pdfTeX's escape features (HO)
Package: bigintcalc 2016/05/16 v1.4 Expandable calculations on big integers (HO
)
Package: bitset 2016/05/16 v1.2 Handle bit-vector datatype (HO)
Package: uniquecounter 2016/05/16 v1.3 Provide unlimited unique counter (HO)
)
Package hobsub Info: Skipping package `hobsub' (already loaded).
Package: letltxmacro 2016/05/16 v1.5 Let assignment for LaTeX macros (HO)
Package: hopatch 2016/05/16 v1.3 Wrapper for package hooks (HO)
Package: xcolor-patch 2016/05/16 xcolor patch
Package: atveryend 2016/05/16 v1.9 Hooks at the very end of document (HO)
Package atveryend Info: \enddocument detected (standard20110627).
Package: atbegshi 2016/05/16 v1.17 At begin shipout hook (HO)
Package: refcount 2016/05/16 v3.5 Data extraction from label references (HO)
Package: hycolor 2016/05/16 v1.8 Color options for hyperref/bookmark (HO)
)
(/usr/share/texmf/tex/generic/ifxetex/ifxetex.sty
Package: ifxetex 2010/09/12 v0.6 Provides ifxetex conditional
)
(/usr/share/texmf/tex/latex/oberdiek/auxhook.sty
Package: auxhook 2016/05/16 v1.4 Hooks for auxiliary files (HO)
)
(/usr/share/texmf/tex/latex/oberdiek/kvoptions.sty
Package: kvoptions 2016/05/16 v3.12 Key value format for package options (HO)
)
\@linkdim=\dimen128
\Hy@linkcounter=\count110
\Hy@pagecounter=\count111

(/usr/share/texmf/tex/latex/hyperref/pd1enc.def
File: pd1enc.def 2016/05/05 v6.83n Hyperref: PDFDocEncoding definition (HO)
)
\Hy@SavedSpaceFactor=\count112

(/usr/share/texmf/tex/latex/latexconfig/hyperref.cfg
File: hyperref.cfg 2002/06/06 v1.2 hyperref configuration of TeXLive
)
Package hyperref Info: Hyper figures OFF on input line 4446.
Package hyperref Info: Link nesting OFF on input line 4451.
Package hyperref Info: Hyper index ON on input line 4454.
Package hyperref Info: Plain pages OFF on input line 4461.
Package hyperref Info: Backreferencing OFF on input line 4466.
Package hyperref Info: Implicit mode ON; LaTeX internals redefined.
Package hyperref Info: Bookmarks ON on input line 4691.
\c@Hy@tempcnt=\count113

(/usr/share/texmf/tex/latex/url/url.sty
\Urlmuskip=\muskip11
Package: url 2013/09/16  ver 3.4  Verb mode for urls, etc.
)
LaTeX Info: Redefining \url on input line 5044.
\XeTeXLinkMargin=\dimen129
\Fld@menulength=\count114
\Field@Width=\dimen130
\Fld@charsize=\dimen131
Package hyperref Info: Hyper figures OFF on input line 6298.
Package hyperref Info: Link nesting OFF on input line 6303.
Package hyperref Info: Hyper index ON on input line 6306.
Package hyperref Info: backreferencing OFF on input line 6313.
Package hyperref Info: Link coloring OFF on input line 6318.
Package hyperref Info: Link coloring with OCG OFF on input line 6323.
Package hyperref Info: PDF/A mode OFF on input line 6328.
LaTeX Info: Redefining \ref on input line 6368.
LaTeX Info: Redefining \pageref on input line 6372.
\Hy@abspage=\count115
\c@Item=\count116
\c@Hfootnote=\count117
)

Package hyperref Message: Driver (autodetected): hpdftex.

(/usr/share/texmf/tex/latex/hyperref/hpdftex.def
File: hpdftex.def 2016/05/05 v6.83n Hyperref driver for pdfTeX
\Fld@listcount=\count118
\c@bookmark@seq@number=\count119

(/usr/share/texmf/tex/latex/oberdiek/rerunfilecheck.sty
Package: rerunfilecheck 2016/05/16 v1.8 Rerun checks for auxiliary files (HO)
Package uniquecounter Info: New unique counter `rerunfilecheck' on input line 2
82.
)
\Hy@SectionHShift=\skip48
)
Package hyperref Info: Option `colorlinks' set `true' on input line 21.

(/usr/share/texmf/tex/latex/booktabs/booktabs.sty
Package: booktabs 2016/04/27 v1.618033 publication quality tables
\heavyrulewidth=\dimen132
\lightrulewidth=\dimen133
\cmidrulewidth=\dimen134
\belowrulesep=\dimen135
\belowbottomsep=\dimen136
\aboverulesep=\dimen137
\abovetopsep=\dimen138
\cmidrulesep=\dimen139
\cmidrulekern=\dimen140
\defaultaddspace=\dimen141
\@cmidla=\count120
\@cmidlb=\count121
\@aboverulesep=\dimen142
\@belowrulesep=\dimen143
\@thisruleclass=\count122
\@lastruleclass=\count123
\@thisrulewidth=\dimen144
)
(/usr/share/texmf/tex/latex/geometry/geometry.sty
Package: geometry 2010/09/12 v5.6 Page Geometry
\Gm@cnth=\count124
\Gm@cntv=\count125
\c@Gm@tempcnt=\count126
\Gm@bindingoffset=\dimen145
\Gm@wd@mp=\dimen146
\Gm@odd@mp=\dimen147
\Gm@even@mp=\dimen148
\Gm@layoutwidth=\dimen149
\Gm@layoutheight=\dimen150
\Gm@layouthoffset=\dimen151
\Gm@layoutvoffset=\dimen152
\Gm@dimlist=\toks23
)
\c@theorem=\count127

(/usr/share/texmf/tex/latex/tools/array.sty
Package: array 2014/10/28 v2.4c Tabular extension package (FMi)
\col@sep=\dimen153
\extrarowheight=\dimen154
\NC@list=\toks24
\extratabsurround=\skip49
\backup@length=\skip50
) (./ROOT_manual_for_GATE_users.aux)
\openout1 = `ROOT_manual_for_GATE_users.aux'.

LaTeX Font Info:    Checking defaults for OML/cmm/m/it on input line 53.
LaTeX Font Info:    ... okay on input line 53.
LaTeX Font Info:    Checking defaults for T1/cmr/m/n on input line 53.
LaTeX Font Info:    ... okay on input line 53.
LaTeX Font Info:    Checking defaults for OT1/cmr/m/n on input line 53.
LaTeX Font Info:    ... okay on input line 53.
LaTeX Font Info:    Checking defaults for OMS/cmsy/m/n on input line 53.
LaTeX Font Info:    ... okay on input line 53.
LaTeX Font Info:    Checking defaults for OMX/cmex/m/n on input line 53.
LaTeX Font Info:    ... okay on input line 53.
LaTeX Font Info:    Checking defaults for U/cmr/m/n on input line 53.
LaTeX Font Info:    ... okay on input line 53.
LaTeX Font Info:    Checking defaults for PD1/pdf/m/n on input line 53.
LaTeX Font Info:    ... okay on input line 53.
(/usr/share/texmf/tex/context/base/mkii/supp-pdf.mkii
[Loading MPS to PDF converter (version 2006.09.02).]
\scratchcounter=\count128
\scratchdimen=\dimen155
\scratchbox=\box29
\nofMPsegments=\count129
\nofMParguments=\count130
\everyMPshowfont=\toks25
\MPscratchCnt=\count131
\MPscratchDim=\dimen156
\MPnumerator=\count132
\makeMPintoPDFobject=\count133
\everyMPtoPDFconversion=\toks26
) (/usr/share/texmf/tex/latex/oberdiek/epstopdf-base.sty
Package: epstopdf-base 2016/05/15 v2.6 Base part for package epstopdf

(/usr/share/texmf/tex/latex/oberdiek/grfext.sty
Package: grfext 2016/05/16 v1.2 Manage graphics extensions (HO)
)
Package grfext Info: Graphics extension search list:
(grfext)             [.png,.pdf,.jpg,.mps,.jpeg,.jbig2,.jb2,.PNG,.PDF,.JPG,.JPE
G,.JBIG2,.JB2,.eps]
(grfext)             \AppendGraphicsExtensions on input line 456.

(/usr/share/texmf/tex/latex/latexconfig/epstopdf-sys.cfg
File: epstopdf-sys.cfg 2010/07/13 v1.3 Configuration of (r)epstopdf for TeX Liv
e
))
Package caption Info: Begin \AtBeginDocument code.
Package caption Info: hyperref package is loaded.
Package caption Info: End \AtBeginDocument code.
\AtBeginShipoutBox=\box30
Package hyperref Info: Link coloring ON on input line 53.

(/usr/share/texmf/tex/latex/hyperref/nameref.sty
Package: nameref 2012/10/27 v2.43 Cross-referencing by name of section

(/usr/share/texmf/tex/generic/oberdiek/gettitlestring.sty
Package: gettitlestring 2016/05/16 v1.5 Cleanup title references (HO)
)
\c@section@level=\count134
)
LaTeX Info: Redefining \ref on input line 53.
LaTeX Info: Redefining \pageref on input line 53.
LaTeX Info: Redefining \nameref on input line 53.

(./ROOT_manual_for_GATE_users.out) (./ROOT_manual_for_GATE_users.out)
\@outlinefile=\write3
\openout3 = `ROOT_manual_for_GATE_users.out'.


*geometry* driver: auto-detecting
*geometry* detected driver: pdftex
*geometry* verbose mode - [ preamble ] result:
* driver: pdftex
* paper: <default>
* layout: <same size as paper>
* layoutoffset:(h,v)=(0.0pt,0.0pt)
* modes: 
* h-part:(L,W,R)=(85.35826pt, 472.03123pt, 56.9055pt)
* v-part:(T,H,B)=(71.13188pt, 652.70622pt, 71.13188pt)
* \paperwidth=614.295pt
* \paperheight=794.96999pt
* \textwidth=472.03123pt
* \textheight=652.70622pt
* \oddsidemargin=13.08827pt
* \evensidemargin=13.08827pt
* \topmargin=-38.1381pt
* \headheight=12.0pt
* \headsep=25.0pt
* \topskip=12.0pt
* \footskip=30.0pt
* \marginparwidth=44.0pt
* \marginparsep=10.0pt
* \columnsep=10.0pt
* \skip\footins=10.8pt plus 4.0pt minus 2.0pt
* \hoffset=0.0pt
* \voffset=0.0pt
* \mag=1000
* \@twocolumnfalse
* \@twosidefalse
* \@mparswitchfalse
* \@reversemarginfalse
* (1in=72.27pt=25.4mm, 1cm=28.453pt)

(./title.tex <figs/root_logo.png, id=72, 1027.84pt x 351.3125pt>
File: figs/root_logo.png Graphic file (type png)

<use figs/root_logo.png>
Package pdftex.def Info: figs/root_logo.png used on input line 53.
(pdftex.def)             Requested size: 236.01561pt x 80.66615pt.
LaTeX Font Info:    Calculating math sizes for size <14> on input line 61.
LaTeX Font Info:    Try loading font information for U+msa on input line 61.
 (/usr/share/texmf/tex/latex/amsfonts/umsa.fd
File: umsa.fd 2013/01/14 v3.01 AMS symbols A
)
LaTeX Font Info:    Try loading font information for U+msb on input line 61.

(/usr/share/texmf/tex/latex/amsfonts/umsb.fd
File: umsb.fd 2013/01/14 v3.01 AMS symbols B
)
LaTeX Font Info:    Try loading font information for U+lasy on input line 61.

(/usr/share/texmf/tex/latex/base/ulasy.fd
File: ulasy.fd 1998/08/17 v2.2e LaTeX symbol font definitions
)
<figs/gate_logo.png, id=73, 281.05pt x 281.05pt>
File: figs/gate_logo.png Graphic file (type png)
 <use figs/gate_logo.png>
Package pdftex.def Info: figs/gate_logo.png used on input line 72.
(pdftex.def)             Requested size: 236.01561pt x 236.01605pt.

[1

{/var/lib/texmf/fonts/map/pdftex/updmap/pdftex.map} <./figs/root_logo.png (PNG 
copy)> <./figs/gate_logo.png>] [2]) (./ROOT_manual_for_GATE_users.toc)
\tf@toc=\write4
\openout4 = `ROOT_manual_for_GATE_users.toc'.

pdfTeX warning (ext4): destination with the same identifier (name{page.2}) has 
been already used, duplicate ignored
<to be read again> 
                   \relax 
l.62 \newpage
              [2] [3]
Underfull \hbox (badness 10000) in paragraph at lines 93--97

 []


Underfull \hbox (badness 10000) in paragraph at lines 118--119

 []


Underfull \hbox (badness 10000) in paragraph at lines 120--121

 []

[4] <figs/ls.png, id=124, 623.32875pt x 369.38pt>
File: figs/ls.png Graphic file (type png)
 <use figs/ls.png>
Package pdftex.def Info: figs/ls.png used on input line 126.
(pdftex.def)             Requested size: 311.6636pt x 184.68954pt.
 [5 <./figs/ls.png>]
Underfull \hbox (badness 10000) in paragraph at lines 131--133

 []


Underfull \hbox (badness 10000) in paragraph at lines 134--135

 []

<figs/Show.png, id=132, 672.5125pt x 725.71124pt>
File: figs/Show.png Graphic file (type png)
 <use figs/Show.png>
Package pdftex.def Info: figs/Show.png used on input line 140.
(pdftex.def)             Requested size: 336.25542pt x 362.85474pt.
 [6

 <./figs/Show.png>]
Overfull \hbox (4.34251pt too wide) in paragraph at lines 158--158
|[]\OT1/cmr/bx/n/17.28 Smart plot-ting of your his-tograms (with-out TBrowser
 []


Underfull \hbox (badness 10000) in paragraph at lines 161--162

 []


Underfull \hbox (badness 10000) in paragraph at lines 163--164

 []

<figs/1Dhist.pdf, id=143, 569.12625pt x 386.44376pt>
File: figs/1Dhist.pdf Graphic file (type pdf)
 <use figs/1Dhist.pdf>
Package pdftex.def Info: figs/1Dhist.pdf used on input line 168.
(pdftex.def)             Requested size: 210.57341pt x 142.98195pt.

<figs/2Dhist.pdf, id=144, 569.12625pt x 386.44376pt>
File: figs/2Dhist.pdf Graphic file (type pdf)
 <use figs/2Dhist.pdf>
Package pdftex.def Info: figs/2Dhist.pdf used on input line 169.
(pdftex.def)             Requested size: 210.57341pt x 142.98195pt.

<figs/3Dhist.pdf, id=145, 569.12625pt x 386.44376pt>
File: figs/3Dhist.pdf Graphic file (type pdf)
 <use figs/3Dhist.pdf>
Package pdftex.def Info: figs/3Dhist.pdf used on input line 170.
(pdftex.def)             Requested size: 210.57341pt x 142.98195pt.


LaTeX Warning: `h' float specifier changed to `ht'.

[7] [8 <./figs/1Dhist.pdf, page is rotated 90 degrees> <./figs/2Dhist.pdf, page
 is rotated 90 degrees> <./figs/3Dhist.pdf, page is rotated 90 degrees>]
<figs/root_colors.png, id=287, 497.86pt x 172.645pt>
File: figs/root_colors.png Graphic file (type png)

<use figs/root_colors.png>
Package pdftex.def Info: figs/root_colors.png used on input line 183.
(pdftex.def)             Requested size: 248.92938pt x 86.32228pt.

Underfull \hbox (badness 10000) in paragraph at lines 192--193

 []


Underfull \hbox (badness 10000) in paragraph at lines 194--195

 []

<figs/1Dhist_color.pdf, id=291, 569.12625pt x 386.44376pt>
File: figs/1Dhist_color.pdf Graphic file (type pdf)

<use figs/1Dhist_color.pdf>
Package pdftex.def Info: figs/1Dhist_color.pdf used on input line 201.
(pdftex.def)             Requested size: 284.56242pt x 193.2214pt.

Underfull \hbox (badness 10000) in paragraph at lines 207--208

 []

[9

 <./figs/root_colors.png> <./figs/1Dhist_color.pdf, page is rotated 90 degrees>
]
Underfull \hbox (badness 10000) in paragraph at lines 211--212

 []

<figs/1Dhist_linewidth.pdf, id=342, 569.12625pt x 386.44376pt>
File: figs/1Dhist_linewidth.pdf Graphic file (type pdf)

<use figs/1Dhist_linewidth.pdf>
Package pdftex.def Info: figs/1Dhist_linewidth.pdf used on input line 215.
(pdftex.def)             Requested size: 284.56242pt x 193.2214pt.

Overfull \hbox (17.1575pt too wide) in paragraph at lines 221--223
\OT1/cmr/m/n/12 It is also pos-si-ble to change style of lines and mark-ers wit
h []\OT1/cmtt/m/n/12 TTree ->SetLineStyle(n_of_style)
 []


Underfull \hbox (badness 10000) in paragraph at lines 221--223

 []

<figs/root_linestyles.png, id=347, 497.86pt x 172.645pt>
File: figs/root_linestyles.png Graphic file (type png)

<use figs/root_linestyles.png>
Package pdftex.def Info: figs/root_linestyles.png used on input line 226.
(pdftex.def)             Requested size: 248.92938pt x 86.32228pt.

Underfull \hbox (badness 7047) in paragraph at lines 227--227
[]\OT1/cmr/m/n/12 Figure 7: |Ba-sic ROOT line styles op-tions. For more in-for-
ma-tion check:
 []

<figs/root_markerstyles.jpeg, id=350, 328.22626pt x 154.5775pt>
File: figs/root_markerstyles.jpeg Graphic file (type jpg)

<use figs/root_markerstyles.jpeg>
Package pdftex.def Info: figs/root_markerstyles.jpeg used on input line 233.
(pdftex.def)             Requested size: 164.11272pt x 77.28854pt.

Underfull \hbox (badness 4072) in paragraph at lines 234--234
[]\OT1/cmr/m/n/12 Figure 8: |Ba-sic ROOT marker styles op-tions. For more in-fo
r-ma-tion check:
 []


LaTeX Warning: `h' float specifier changed to `ht'.


Underfull \hbox (badness 10000) in paragraph at lines 238--239

 []

[10 <./figs/1Dhist_linewidth.pdf, page is rotated 90 degrees> <./figs/root_line
styles.png>]
Underfull \hbox (badness 10000) in paragraph at lines 242--243

 []


Underfull \hbox (badness 10000) in paragraph at lines 244--245

 []


Underfull \hbox (badness 10000) in paragraph at lines 248--249

 []

<figs/1Dhist_linestyle.pdf, id=408, 569.12625pt x 386.44376pt>
File: figs/1Dhist_linestyle.pdf Graphic file (type pdf)

<use figs/1Dhist_linestyle.pdf>
Package pdftex.def Info: figs/1Dhist_linestyle.pdf used on input line 252.
(pdftex.def)             Requested size: 284.56242pt x 193.2214pt.

<figs/2Dhist_markerstyle.png, id=409, 568.7649pt x 385.9218pt>
File: figs/2Dhist_markerstyle.png Graphic file (type png)

<use figs/2Dhist_markerstyle.png>
Package pdftex.def Info: figs/2Dhist_markerstyle.png used on input line 259.
(pdftex.def)             Requested size: 284.38174pt x 192.96042pt.


LaTeX Warning: `h' float specifier changed to `ht'.

[11 <./figs/root_markerstyles.jpeg> <./figs/1Dhist_linestyle.pdf, page is rotat
ed 90 degrees>] [12 <./figs/2Dhist_markerstyle.png>]
Underfull \hbox (badness 10000) in paragraph at lines 266--267

 []


Underfull \hbox (badness 10000) in paragraph at lines 274--275

 []


Underfull \hbox (badness 10000) in paragraph at lines 276--277

 []


Underfull \hbox (badness 10000) in paragraph at lines 280--281

 []


Underfull \hbox (badness 10000) in paragraph at lines 283--285

 []


Underfull \hbox (badness 10000) in paragraph at lines 286--287

 []


Underfull \hbox (badness 10000) in paragraph at lines 290--291

 []

<figs/1Drebinning.pdf, id=464, 569.12625pt x 386.44376pt>
File: figs/1Drebinning.pdf Graphic file (type pdf)

<use figs/1Drebinning.pdf>
Package pdftex.def Info: figs/1Drebinning.pdf used on input line 296.
(pdftex.def)             Requested size: 284.56242pt x 193.2214pt.
 [13

 <./figs/1Drebinning.pdf, page is rotated 90 degrees>]
Underfull \hbox (badness 10000) in paragraph at lines 304--305

 []


Underfull \hbox (badness 10000) in paragraph at lines 310--311

 []

<figs/1Dhist_cut.pdf, id=515, 569.12625pt x 386.44376pt>
File: figs/1Dhist_cut.pdf Graphic file (type pdf)

<use figs/1Dhist_cut.pdf>
Package pdftex.def Info: figs/1Dhist_cut.pdf used on input line 314.
(pdftex.def)             Requested size: 284.56242pt x 193.2214pt.

Underfull \hbox (badness 10000) in paragraph at lines 319--320

 []


Underfull \hbox (badness 10000) in paragraph at lines 323--324

 []

<figs/1Dhist_esame.pdf, id=517, 569.12625pt x 386.44376pt>
File: figs/1Dhist_esame.pdf Graphic file (type pdf)

<use figs/1Dhist_esame.pdf>
Package pdftex.def Info: figs/1Dhist_esame.pdf used on input line 327.
(pdftex.def)             Requested size: 284.56242pt x 193.2214pt.


LaTeX Warning: `h' float specifier changed to `ht'.

[14

 <./figs/1Dhist_cut.pdf, page is rotated 90 degrees>] [15 <./figs/1Dhist_esame.
pdf, page is rotated 90 degrees>]
Underfull \hbox (badness 10000) in paragraph at lines 334--335

 []


Underfull \hbox (badness 10000) in paragraph at lines 336--337

 []


Underfull \hbox (badness 10000) in paragraph at lines 338--339

 []


Underfull \hbox (badness 10000) in paragraph at lines 340--341

 []


Underfull \hbox (badness 10000) in paragraph at lines 342--343

 []


Underfull \hbox (badness 10000) in paragraph at lines 344--345

 []


Underfull \hbox (badness 10000) in paragraph at lines 346--347

 []


Underfull \hbox (badness 10000) in paragraph at lines 348--349

 []


Underfull \hbox (badness 10000) in paragraph at lines 350--351

 []


Underfull \hbox (badness 10000) in paragraph at lines 352--353

 []


Underfull \hbox (badness 10000) in paragraph at lines 356--364

 []

<figs/FitPanel.png, id=616, 1251.67625pt x 668.4975pt>
File: figs/FitPanel.png Graphic file (type png)
 <use figs/FitPanel.png>
Package pdftex.def Info: figs/FitPanel.png used on input line 369.
(pdftex.def)             Requested size: 438.09325pt x 233.97763pt.


LaTeX Warning: `h' float specifier changed to `ht'.

[16

] [17 <./figs/FitPanel.png>]
Underfull \hbox (badness 10000) in paragraph at lines 396--398

 []


Underfull \hbox (badness 10000) in paragraph at lines 409--411

 []


Underfull \hbox (badness 10000) in paragraph at lines 412--429

 []


Underfull \hbox (badness 10000) in paragraph at lines 430--432

 []

[18

]
Underfull \hbox (badness 10000) in paragraph at lines 433--437

 []


Overfull \hbox (8.71881pt too wide) in paragraph at lines 438--440
[][]  \OT1/cmtt/m/n/12 // define the variable(s) of interest, type of variable 
must be respected 
 []


Underfull \hbox (badness 10000) in paragraph at lines 438--440

 []


Underfull \hbox (badness 10000) in paragraph at lines 441--443

 []


Underfull \hbox (badness 10000) in paragraph at lines 444--446

 []


Underfull \hbox (badness 10000) in paragraph at lines 447--449

 []


Underfull \hbox (badness 10000) in paragraph at lines 450--452

 []


Underfull \hbox (badness 10000) in paragraph at lines 453--464

 []


Underfull \hbox (badness 10000) in paragraph at lines 465--467

 []


Underfull \hbox (badness 10000) in paragraph at lines 468--477

 []

[19] <figs/energy.pdf, id=638, 569.12625pt x 409.53pt>
File: figs/energy.pdf Graphic file (type pdf)
 <use figs/energy.pdf>
Package pdftex.def Info: figs/energy.pdf used on input line 497.
(pdftex.def)             Requested size: 341.47838pt x 245.7199pt.
Package atveryend Info: Empty hook `BeforeClearDocument' on input line 519.

[20 <./figs/energy.pdf, page is rotated 90 degrees>]
Package atveryend Info: Empty hook `AfterLastShipout' on input line 519.

(./ROOT_manual_for_GATE_users.aux)
Package atveryend Info: Executing hook `AtVeryEndDocument' on input line 519.
Package atveryend Info: Executing hook `AtEndAfterFileList' on input line 519.
Package rerunfilecheck Info: File `ROOT_manual_for_GATE_users.out' has not chan
ged.
(rerunfilecheck)             Checksum: BA5DF0E1B8248A4DB5D4945434B17199;1238.
Package atveryend Info: Empty hook `AtVeryVeryEnd' on input line 519.
 ) 
Here is how much of TeX's memory you used:
 8946 strings out of 494041
 131649 string characters out of 6158495
 231820 words of memory out of 5000000
 12145 multiletter control sequences out of 15000+600000
 14693 words of font info for 60 fonts, out of 8000000 for 9000
 475 hyphenation exceptions out of 8191
 42i,8n,44p,914b,414s stack positions out of 5000i,500n,10000p,200000b,80000s
</usr/share/texmf/fonts/type1/public/amsfonts/cm/cmbx10.pfb></usr/share/texmf
/fonts/type1/public/amsfonts/cm/cmbx12.pfb></usr/share/texmf/fonts/type1/public
/amsfonts/cm/cmr10.pfb></usr/share/texmf/fonts/type1/public/amsfonts/cm/cmr12.p
fb></usr/share/texmf/fonts/type1/public/amsfonts/cm/cmsy10.pfb></usr/share/texm
f/fonts/type1/public/amsfonts/cm/cmti10.pfb></usr/share/texmf/fonts/type1/publi
c/amsfonts/cm/cmtt12.pfb>
Output written on ROOT_manual_for_GATE_users.pdf (21 pages, 6289106 bytes).
PDF statistics:
 728 PDF objects out of 1000 (max. 8388607)
 416 compressed objects within 5 object streams
 55 named destinations out of 1000 (max. 500000)
 232 words of extra memory for PDF output out of 10000 (max. 10000000)

